<?xml version="1.0" encoding="UTF-8"?>
<!-- Generated by org.testng.reporters.JUnitXMLReporter -->
<testsuite ignored="3" hostname="Classroom-201" failures="0" tests="1" name="Test" time="0.042" errors="0" timestamp="2025-01-20T11:41:40 IST">
  <testcase classname="groups.Test1" name="SystemTestcase" time="0.011"/>
  <testcase classname="groups.Test1" name="IntegrationTestcase" time="0.0">
    <ignored/>
  </testcase> <!-- IntegrationTestcase -->
  <testcase classname="groups.Test1" name="SmokeTestcase" time="0.0">
    <ignored/>
  </testcase> <!-- SmokeTestcase -->
  <testcase classname="groups.Test1" name="FunctionalTestcase" time="0.0">
    <ignored/>
  </testcase> <!-- FunctionalTestcase -->
</testsuite> <!-- Test -->
